[debug] [2020-01-20T19:34:37.132Z] ----------------------------------------------------------------------
[debug] [2020-01-20T19:34:37.133Z] Command:       C:\Program Files\nodejs\node.exe C:\Users\Pookage\AppData\Roaming\npm\node_modules\firebase-tools\lib\bin\firebase.js deploy
[debug] [2020-01-20T19:34:37.133Z] CLI Version:   7.12.1
[debug] [2020-01-20T19:34:37.133Z] Platform:      win32
[debug] [2020-01-20T19:34:37.134Z] Node Version:  v12.13.0
[debug] [2020-01-20T19:34:37.134Z] Time:          Mon Jan 20 2020 19:34:37 GMT+0000 (Greenwich Mean Time)
[debug] [2020-01-20T19:34:37.134Z] ----------------------------------------------------------------------
[debug] [2020-01-20T19:34:37.134Z] 
[debug] [2020-01-20T19:34:37.140Z] > command requires scopes: ["email","openid","https://www.googleapis.com/auth/cloudplatformprojects.readonly","https://www.googleapis.com/auth/firebase","https://www.googleapis.com/auth/cloud-platform"]
[debug] [2020-01-20T19:34:37.140Z] > authorizing via signed-in user
[debug] [2020-01-20T19:34:37.140Z] [iam] checking project pookage-portfolio-362f8 for permissions ["firebase.projects.get","firebasehosting.sites.update"]
[debug] [2020-01-20T19:34:37.141Z] > refreshing access token with scopes: ["email","https://www.googleapis.com/auth/cloud-platform","https://www.googleapis.com/auth/cloudplatformprojects.readonly","https://www.googleapis.com/auth/firebase","openid"]
[debug] [2020-01-20T19:34:37.141Z] >>> HTTP REQUEST POST https://www.googleapis.com/oauth2/v3/token  
 <request body omitted>
[debug] [2020-01-20T19:34:37.242Z] <<< HTTP RESPONSE 400
[debug] [2020-01-20T19:34:37.243Z] >>> HTTP REQUEST POST https://cloudresourcemanager.googleapis.com/v1/projects/pookage-portfolio-362f8:testIamPermissions  

[debug] [2020-01-20T19:34:37.912Z] <<< HTTP RESPONSE 401
[debug] [2020-01-20T19:34:37.912Z] <<< HTTP RESPONSE BODY
[debug] [2020-01-20T19:34:37.913Z] [iam] error while checking permissions, command may fail: FirebaseError: HTTP Error: 401, Request had invalid authentication credentials. Expected OAuth 2 access token, login cookie or other valid authentication credential. See https://developers.google.com/identity/sign-in/web/devconsole-project.
[debug] [2020-01-20T19:34:37.913Z] > refreshing access token with scopes: ["email","https://www.googleapis.com/auth/cloud-platform","https://www.googleapis.com/auth/cloudplatformprojects.readonly","https://www.googleapis.com/auth/firebase","openid"]
[debug] [2020-01-20T19:34:37.913Z] >>> HTTP REQUEST POST https://www.googleapis.com/oauth2/v3/token  
 <request body omitted>
[debug] [2020-01-20T19:34:37.997Z] <<< HTTP RESPONSE 400
[debug] [2020-01-20T19:34:37.998Z] >>> HTTP REQUEST GET https://firebase.googleapis.com/v1beta1/projects/pookage-portfolio-362f8  
 
[debug] [2020-01-20T19:34:38.114Z] <<< HTTP RESPONSE 401
[debug] [2020-01-20T19:34:38.114Z] <<< HTTP RESPONSE BODY
[debug] [2020-01-20T19:34:38.114Z] HTTP Error: 401, Request had invalid authentication credentials. Expected OAuth 2 access token, login cookie or other valid authentication credential. See https://developers.google.com/identity/sign-in/web/devconsole-project.
[debug] [2020-01-20T19:34:38.115Z] FirebaseError: HTTP Error: 401, Request had invalid authentication credentials. Expected OAuth 2 access token, login cookie or other valid authentication credential. See https://developers.google.com/identity/sign-in/web/devconsole-project.
    at module.exports (C:\Users\Pookage\AppData\Roaming\npm\node_modules\firebase-tools\lib\responseToError.js:38:12)
    at Request._callback (C:\Users\Pookage\AppData\Roaming\npm\node_modules\firebase-tools\lib\api.js:39:35)
    at Request.self.callback (C:\Users\Pookage\AppData\Roaming\npm\node_modules\firebase-tools\node_modules\request\request.js:185:22)
    at Request.emit (events.js:210:5)
    at Request.EventEmitter.emit (domain.js:476:20)
    at Request.<anonymous> (C:\Users\Pookage\AppData\Roaming\npm\node_modules\firebase-tools\node_modules\request\request.js:1161:10)
    at Request.emit (events.js:210:5)
    at Request.EventEmitter.emit (domain.js:476:20)
    at IncomingMessage.<anonymous> (C:\Users\Pookage\AppData\Roaming\npm\node_modules\firebase-tools\node_modules\request\request.js:1083:12)
    at Object.onceWrapper (events.js:299:28)
    at IncomingMessage.emit (events.js:215:7)
    at IncomingMessage.EventEmitter.emit (domain.js:476:20)
    at endReadableNT (_stream_readable.js:1183:12)
    at processTicksAndRejections (internal/process/task_queues.js:80:21)
[error] 
[error] Error: Failed to get Firebase project pookage-portfolio-362f8. Please make sure the project exists and your account has permission to access it.
